  BruteForce.cpp
  ContinuousCalculator.cpp
H:\GitHub\Game_Engineering_Coursework_1\CourseWork1\ContinuousCalculator.cpp(93,20): warning C4018:  '<': signed/unsigned mismatch
H:\GitHub\Game_Engineering_Coursework_1\CourseWork1\ContinuousCalculator.cpp(98,10): warning C4018:  '>=': signed/unsigned mismatch
H:\GitHub\Game_Engineering_Coursework_1\CourseWork1\ContinuousCalculator.cpp(126,20): warning C4018:  '<': signed/unsigned mismatch
H:\GitHub\Game_Engineering_Coursework_1\CourseWork1\ContinuousCalculator.cpp(131,10): warning C4018:  '>=': signed/unsigned mismatch
H:\GitHub\Game_Engineering_Coursework_1\CourseWork1\ContinuousCalculator.cpp(178,20): warning C4018:  '<': signed/unsigned mismatch
  ContinuousCount.cpp
  ProgramManager.cpp
  Puzzle.cpp
  ReadFileInterface.cpp
H:\GitHub\Game_Engineering_Coursework_1\CourseWork1\ContinuousCalculator.cpp(183,10): warning C4018:  '>=': signed/unsigned mismatch
H:\GitHub\Game_Engineering_Coursework_1\CourseWork1\ReadFileInterface.cpp(28,20): warning C4018:  '<': signed/unsigned mismatch
H:\GitHub\Game_Engineering_Coursework_1\CourseWork1\ReadFileInterface.cpp(37,14): warning C4018:  '>=': signed/unsigned mismatch
H:\GitHub\Game_Engineering_Coursework_1\CourseWork1\ReadFileInterface.cpp(61,14): warning C4018:  '>=': signed/unsigned mismatch
H:\GitHub\Game_Engineering_Coursework_1\CourseWork1\ReadFileInterface.cpp(69,14): warning C4018:  '>=': signed/unsigned mismatch
  ReadPuzzleFile.cpp
H:\GitHub\Game_Engineering_Coursework_1\CourseWork1\ReadFileInterface.cpp(181,20): warning C4018:  '<': signed/unsigned mismatch
H:\GitHub\Game_Engineering_Coursework_1\CourseWork1\ReadPuzzleFile.cpp(67,20): warning C4018:  '<': signed/unsigned mismatch
  Solution.cpp
  SolutionFile.cpp
H:\GitHub\Game_Engineering_Coursework_1\CourseWork1\ReadPuzzleFile.cpp(72,22): warning C4244:  'initializing': conversion from 'double' to 'int', possible loss of data
  Test.cpp
  UserInterface.cpp
H:\GitHub\Game_Engineering_Coursework_1\CourseWork1\SolutionFile.cpp(49,20): warning C4018:  '<': signed/unsigned mismatch
  WriteFileInterface.cpp
H:\GitHub\Game_Engineering_Coursework_1\CourseWork1\UserInterface.cpp(10,20): warning C4018:  '<': signed/unsigned mismatch
  WritePuzzleFile.cpp
H:\GitHub\Game_Engineering_Coursework_1\CourseWork1\WriteFileInterface.cpp(189,20): warning C4018:  '<': signed/unsigned mismatch
  Generating Code...
H:\GitHub\Game_Engineering_Coursework_1\CourseWork1\WritePuzzleFile.cpp(48,20): warning C4018:  '<': signed/unsigned mismatch
H:\GitHub\Game_Engineering_Coursework_1\CourseWork1\WriteFileInterface.cpp(237): warning C4715:  'WriteFileInterface::validNumber': not all control paths return a value
  LINK : H:\GitHub\Game_Engineering_Coursework_1\Debug\CourseWork1.exe not found or not built by the last incremental link; performing full link
  CourseWork1.vcxproj -> H:\GitHub\Game_Engineering_Coursework_1\Debug\CourseWork1.exe
