h:\github\game_engineering_coursework_1\coursework1\debug\vc142.pdb
h:\github\game_engineering_coursework_1\coursework1\debug\vc142.idb
h:\github\game_engineering_coursework_1\coursework1\debug\test.obj
h:\github\game_engineering_coursework_1\coursework1\debug\puzzle.obj
h:\github\game_engineering_coursework_1\coursework1\debug\bruteforce.obj
h:\github\game_engineering_coursework_1\coursework1\debug\userinterface.obj
h:\github\game_engineering_coursework_1\coursework1\debug\puzzlefile.obj
h:\github\game_engineering_coursework_1\coursework1\debug\continuouscalculator.obj
h:\github\game_engineering_coursework_1\coursework1\debug\continuouscount.obj
h:\github\game_engineering_coursework_1\coursework1\debug\solutionfile.obj
h:\github\game_engineering_coursework_1\coursework1\debug\solution.obj
h:\github\game_engineering_coursework_1\debug\coursework1.exe
h:\github\game_engineering_coursework_1\debug\coursework1.ilk
h:\github\game_engineering_coursework_1\debug\coursework1.pdb
h:\github\game_engineering_coursework_1\coursework1\debug\bruteforce.obj.enc
h:\github\game_engineering_coursework_1\coursework1\debug\userinterface.obj.enc
h:\github\game_engineering_coursework_1\coursework1\debug\coursework1.tlog\cl.command.1.tlog
h:\github\game_engineering_coursework_1\coursework1\debug\coursework1.tlog\cl.read.1.tlog
h:\github\game_engineering_coursework_1\coursework1\debug\coursework1.tlog\cl.write.1.tlog
h:\github\game_engineering_coursework_1\coursework1\debug\coursework1.tlog\link.command.1.tlog
h:\github\game_engineering_coursework_1\coursework1\debug\coursework1.tlog\link.read.1.tlog
h:\github\game_engineering_coursework_1\coursework1\debug\coursework1.tlog\link.write.1.tlog
